[debug] [2025-09-09T06:45:01.960Z] ----------------------------------------------------------------------
[debug] [2025-09-09T06:45:01.964Z] Command:       /home/sandeep/.nvm/versions/node/v22.19.0/bin/node /home/sandeep/.nvm/versions/node/v22.19.0/bin/firebase deploy --only functions
[debug] [2025-09-09T06:45:01.965Z] CLI Version:   14.15.2
[debug] [2025-09-09T06:45:01.965Z] Platform:      linux
[debug] [2025-09-09T06:45:01.965Z] Node Version:  v22.19.0
[debug] [2025-09-09T06:45:01.966Z] Time:          Tue Sep 09 2025 12:15:01 GMT+0530 (India Standard Time)
[debug] [2025-09-09T06:45:01.966Z] ----------------------------------------------------------------------
[debug] 
[debug] [2025-09-09T06:45:02.278Z] Object "/functions" in "firebase.json" has unknown property: {"additionalProperty":"timeout"}
[debug] [2025-09-09T06:45:02.279Z] Field "/functions" in "firebase.json" is possibly invalid: must be array
[debug] [2025-09-09T06:45:02.279Z] Field "/functions" in "firebase.json" is possibly invalid: must match a schema in anyOf
[debug] [2025-09-09T06:45:02.283Z] > command requires scopes: ["email","openid","https://www.googleapis.com/auth/cloudplatformprojects.readonly","https://www.googleapis.com/auth/firebase","https://www.googleapis.com/auth/cloud-platform"]
[debug] [2025-09-09T06:45:02.284Z] > authorizing via signed-in user (seeramsandeep4@gmail.com)
[debug] [2025-09-09T06:45:02.284Z] [iam] checking project safipraneeth-2c6f8 for permissions ["cloudfunctions.functions.create","cloudfunctions.functions.delete","cloudfunctions.functions.get","cloudfunctions.functions.list","cloudfunctions.functions.update","cloudfunctions.operations.get","firebase.projects.get"]
[debug] [2025-09-09T06:45:02.285Z] Checked if tokens are valid: false, expires at: 1757401053939
[debug] [2025-09-09T06:45:02.285Z] Checked if tokens are valid: false, expires at: 1757401053939
[debug] [2025-09-09T06:45:02.286Z] > refreshing access token with scopes: []
[debug] [2025-09-09T06:45:02.287Z] >>> [apiv2][query] POST https://www.googleapis.com/oauth2/v3/token [none]
[debug] [2025-09-09T06:45:02.287Z] >>> [apiv2][body] POST https://www.googleapis.com/oauth2/v3/token [omitted]
[debug] [2025-09-09T06:45:02.820Z] <<< [apiv2][status] POST https://www.googleapis.com/oauth2/v3/token 200
[debug] [2025-09-09T06:45:02.821Z] <<< [apiv2][body] POST https://www.googleapis.com/oauth2/v3/token [omitted]
[debug] [2025-09-09T06:45:02.834Z] >>> [apiv2][query] POST https://cloudresourcemanager.googleapis.com/v1/projects/safipraneeth-2c6f8:testIamPermissions [none]
[debug] [2025-09-09T06:45:02.834Z] >>> [apiv2][(partial)header] POST https://cloudresourcemanager.googleapis.com/v1/projects/safipraneeth-2c6f8:testIamPermissions x-goog-quota-user=projects/safipraneeth-2c6f8
[debug] [2025-09-09T06:45:02.834Z] >>> [apiv2][body] POST https://cloudresourcemanager.googleapis.com/v1/projects/safipraneeth-2c6f8:testIamPermissions {"permissions":["cloudfunctions.functions.create","cloudfunctions.functions.delete","cloudfunctions.functions.get","cloudfunctions.functions.list","cloudfunctions.functions.update","cloudfunctions.operations.get","firebase.projects.get"]}
[debug] [2025-09-09T06:45:04.385Z] <<< [apiv2][status] POST https://cloudresourcemanager.googleapis.com/v1/projects/safipraneeth-2c6f8:testIamPermissions 200
[debug] [2025-09-09T06:45:04.385Z] <<< [apiv2][body] POST https://cloudresourcemanager.googleapis.com/v1/projects/safipraneeth-2c6f8:testIamPermissions {"permissions":["cloudfunctions.functions.create","cloudfunctions.functions.delete","cloudfunctions.functions.get","cloudfunctions.functions.list","cloudfunctions.functions.update","cloudfunctions.operations.get","firebase.projects.get"]}
[debug] [2025-09-09T06:45:04.385Z] Checked if tokens are valid: true, expires at: 1757403901821
[debug] [2025-09-09T06:45:04.385Z] Checked if tokens are valid: true, expires at: 1757403901821
[debug] [2025-09-09T06:45:04.386Z] >>> [apiv2][query] POST https://iam.googleapis.com/v1/projects/safipraneeth-2c6f8/serviceAccounts/safipraneeth-2c6f8@appspot.gserviceaccount.com:testIamPermissions [none]
[debug] [2025-09-09T06:45:04.386Z] >>> [apiv2][body] POST https://iam.googleapis.com/v1/projects/safipraneeth-2c6f8/serviceAccounts/safipraneeth-2c6f8@appspot.gserviceaccount.com:testIamPermissions {"permissions":["iam.serviceAccounts.actAs"]}
[debug] [2025-09-09T06:45:06.182Z] <<< [apiv2][status] POST https://iam.googleapis.com/v1/projects/safipraneeth-2c6f8/serviceAccounts/safipraneeth-2c6f8@appspot.gserviceaccount.com:testIamPermissions 200
[debug] [2025-09-09T06:45:06.183Z] <<< [apiv2][body] POST https://iam.googleapis.com/v1/projects/safipraneeth-2c6f8/serviceAccounts/safipraneeth-2c6f8@appspot.gserviceaccount.com:testIamPermissions {"permissions":["iam.serviceAccounts.actAs"]}
[info] 
[info] === Deploying to 'safipraneeth-2c6f8'...
[info] 
[info] i  deploying functions 
[debug] [2025-09-09T06:45:06.186Z] Checked if tokens are valid: true, expires at: 1757403901821
[debug] [2025-09-09T06:45:06.186Z] Checked if tokens are valid: true, expires at: 1757403901821
[debug] [2025-09-09T06:45:06.186Z] >>> [apiv2][query] GET https://cloudresourcemanager.googleapis.com/v1/projects/safipraneeth-2c6f8 [none]
[debug] [2025-09-09T06:45:06.495Z] <<< [apiv2][status] GET https://cloudresourcemanager.googleapis.com/v1/projects/safipraneeth-2c6f8 200
[debug] [2025-09-09T06:45:06.496Z] <<< [apiv2][body] GET https://cloudresourcemanager.googleapis.com/v1/projects/safipraneeth-2c6f8 {"projectNumber":"548745467606","projectId":"safipraneeth-2c6f8","lifecycleState":"ACTIVE","name":"safipraneeth","labels":{"firebase":"enabled","firebase-core":"disabled"},"createTime":"2025-09-07T06:35:59.142236Z"}
[info] i  functions: preparing codebase default for deployment 
[info] i  functions: ensuring required API cloudfunctions.googleapis.com is enabled... 
[info] i  functions: ensuring required API cloudbuild.googleapis.com is enabled... 
[info] i  artifactregistry: ensuring required API artifactregistry.googleapis.com is enabled... 
[debug] [2025-09-09T06:45:06.497Z] Checked if tokens are valid: true, expires at: 1757403901821
[debug] [2025-09-09T06:45:06.497Z] Checked if tokens are valid: true, expires at: 1757403901821
[debug] [2025-09-09T06:45:06.497Z] >>> [apiv2][query] GET https://firebase.googleapis.com/v1beta1/projects/safipraneeth-2c6f8/adminSdkConfig [none]
[debug] [2025-09-09T06:45:07.122Z] <<< [apiv2][status] GET https://firebase.googleapis.com/v1beta1/projects/safipraneeth-2c6f8/adminSdkConfig 200
[debug] [2025-09-09T06:45:07.122Z] <<< [apiv2][body] GET https://firebase.googleapis.com/v1beta1/projects/safipraneeth-2c6f8/adminSdkConfig {"projectId":"safipraneeth-2c6f8","storageBucket":"safipraneeth-2c6f8.firebasestorage.app"}
[debug] [2025-09-09T06:45:07.123Z] Checked if tokens are valid: true, expires at: 1757403901821
[debug] [2025-09-09T06:45:07.123Z] Checked if tokens are valid: true, expires at: 1757403901821
[debug] [2025-09-09T06:45:07.123Z] >>> [apiv2][query] GET https://runtimeconfig.googleapis.com/v1beta1/projects/safipraneeth-2c6f8/configs [none]
[debug] [2025-09-09T06:45:07.626Z] <<< [apiv2][status] GET https://runtimeconfig.googleapis.com/v1beta1/projects/safipraneeth-2c6f8/configs 200
[debug] [2025-09-09T06:45:07.627Z] <<< [apiv2][body] GET https://runtimeconfig.googleapis.com/v1beta1/projects/safipraneeth-2c6f8/configs {}
[debug] [2025-09-09T06:45:07.628Z] Validating nodejs source
[debug] [2025-09-09T06:45:08.143Z] > [functions] package.json contents: {
  "name": "functions",
  "description": "Wedding Backend API - Firebase Functions",
  "scripts": {
    "lint": "eslint .",
    "serve": "firebase emulators:start --only functions",
    "shell": "firebase functions:shell",
    "start": "npm run shell",
    "deploy": "firebase deploy --only functions",
    "logs": "firebase functions:log"
  },
  "engines": {
    "node": "20"
  },
  "main": "index.js",
  "dependencies": {
    "cookie-parser": "^1.4.7",
    "cors": "^2.8.5",
    "express": "^5.1.0",
    "firebase-admin": "^13.5.0",
    "firebase-functions": "^6.1.0",
    "formidable": "^3.5.4",
    "formidable-serverless": "^1.1.1",
    "multer": "^1.4.5-lts.1",
    "parse-multipart": "^1.0.4",
    "sharp": "^0.34.3",
    "uuid": "^8.3.2"
  },
  "devDependencies": {
    "eslint": "^8.15.0",
    "eslint-config-google": "^0.14.0"
  },
  "private": true
}
[debug] [2025-09-09T06:45:08.144Z] Building nodejs source
[info] i  functions: Loading and analyzing source code for codebase default to determine what to deploy 
[debug] [2025-09-09T06:45:08.145Z] Could not find functions.yaml. Must use http discovery
[debug] [2025-09-09T06:45:08.151Z] Found firebase-functions binary at '/home/sandeep/Sandeep/Safi-Akka-Wedding/wedding-backend/functions/node_modules/.bin/firebase-functions'
[info] Serving at port 8953

[info] Service account key loaded successfully

[info] Firebase Admin SDK initialized and connected successfully!

[debug] [2025-09-09T06:45:08.619Z] Got response from /__/functions.yaml {"endpoints":{"api":{"availableMemoryMb":null,"timeoutSeconds":null,"minInstances":null,"maxInstances":null,"ingressSettings":null,"concurrency":null,"serviceAccountEmail":null,"vpc":null,"platform":"gcfv2","labels":{},"httpsTrigger":{},"entryPoint":"api"}},"specVersion":"v1alpha1","requiredAPIs":[],"extensions":{}}
[info] Firestore connection verified

[info] i  extensions: ensuring required API firebaseextensions.googleapis.com is enabled... 
[debug] [2025-09-09T06:45:12.801Z] > command requires scopes: ["email","openid","https://www.googleapis.com/auth/cloudplatformprojects.readonly","https://www.googleapis.com/auth/firebase","https://www.googleapis.com/auth/cloud-platform"]
[debug] [2025-09-09T06:45:12.801Z] > authorizing via signed-in user (seeramsandeep4@gmail.com)
[debug] [2025-09-09T06:45:12.801Z] [iam] checking project safipraneeth-2c6f8 for permissions ["firebase.projects.get","firebaseextensions.instances.list"]
[debug] [2025-09-09T06:45:12.801Z] Checked if tokens are valid: true, expires at: 1757403901821
[debug] [2025-09-09T06:45:12.801Z] Checked if tokens are valid: true, expires at: 1757403901821
[debug] [2025-09-09T06:45:12.801Z] >>> [apiv2][query] POST https://cloudresourcemanager.googleapis.com/v1/projects/safipraneeth-2c6f8:testIamPermissions [none]
[debug] [2025-09-09T06:45:12.801Z] >>> [apiv2][(partial)header] POST https://cloudresourcemanager.googleapis.com/v1/projects/safipraneeth-2c6f8:testIamPermissions x-goog-quota-user=projects/safipraneeth-2c6f8
[debug] [2025-09-09T06:45:12.801Z] >>> [apiv2][body] POST https://cloudresourcemanager.googleapis.com/v1/projects/safipraneeth-2c6f8:testIamPermissions {"permissions":["firebase.projects.get","firebaseextensions.instances.list"]}
[debug] [2025-09-09T06:45:13.457Z] <<< [apiv2][status] POST https://cloudresourcemanager.googleapis.com/v1/projects/safipraneeth-2c6f8:testIamPermissions 200
[debug] [2025-09-09T06:45:13.458Z] <<< [apiv2][body] POST https://cloudresourcemanager.googleapis.com/v1/projects/safipraneeth-2c6f8:testIamPermissions {"permissions":["firebase.projects.get","firebaseextensions.instances.list"]}
[debug] [2025-09-09T06:45:13.458Z] Checked if tokens are valid: true, expires at: 1757403901821
[debug] [2025-09-09T06:45:13.458Z] Checked if tokens are valid: true, expires at: 1757403901821
[debug] [2025-09-09T06:45:13.459Z] >>> [apiv2][query] GET https://firebaseextensions.googleapis.com/v1beta/projects/safipraneeth-2c6f8/instances pageSize=100&pageToken=
[debug] [2025-09-09T06:45:15.113Z] <<< [apiv2][status] GET https://firebaseextensions.googleapis.com/v1beta/projects/safipraneeth-2c6f8/instances 200
[debug] [2025-09-09T06:45:15.113Z] <<< [apiv2][body] GET https://firebaseextensions.googleapis.com/v1beta/projects/safipraneeth-2c6f8/instances {}
[info] i  functions: preparing functions directory for uploading... 
[info] i  functions: packaged /home/sandeep/Sandeep/Safi-Akka-Wedding/wedding-backend/functions (71.32 KB) for uploading 
[debug] [2025-09-09T06:45:15.173Z] Checked if tokens are valid: true, expires at: 1757403901821
[debug] [2025-09-09T06:45:15.173Z] Checked if tokens are valid: true, expires at: 1757403901821
[debug] [2025-09-09T06:45:15.173Z] >>> [apiv2][query] GET https://cloudfunctions.googleapis.com/v1/projects/safipraneeth-2c6f8/locations/-/functions [none]
[debug] [2025-09-09T06:45:16.207Z] <<< [apiv2][status] GET https://cloudfunctions.googleapis.com/v1/projects/safipraneeth-2c6f8/locations/-/functions 200
[debug] [2025-09-09T06:45:16.207Z] <<< [apiv2][body] GET https://cloudfunctions.googleapis.com/v1/projects/safipraneeth-2c6f8/locations/-/functions {}
[debug] [2025-09-09T06:45:16.207Z] Checked if tokens are valid: true, expires at: 1757403901821
[debug] [2025-09-09T06:45:16.207Z] Checked if tokens are valid: true, expires at: 1757403901821
[debug] [2025-09-09T06:45:16.208Z] >>> [apiv2][query] GET https://cloudfunctions.googleapis.com/v2/projects/safipraneeth-2c6f8/locations/-/functions filter=environment%3D%22GEN_2%22
[debug] [2025-09-09T06:45:17.782Z] <<< [apiv2][status] GET https://cloudfunctions.googleapis.com/v2/projects/safipraneeth-2c6f8/locations/-/functions 200
[debug] [2025-09-09T06:45:17.783Z] <<< [apiv2][body] GET https://cloudfunctions.googleapis.com/v2/projects/safipraneeth-2c6f8/locations/-/functions {"functions":[{"name":"projects/safipraneeth-2c6f8/locations/us-central1/functions/api","buildConfig":{"build":"projects/548745467606/locations/us-central1/builds/461da785-33a6-44ad-922b-c2fb230390a3","runtime":"nodejs20","entryPoint":"api","source":{"storageSource":{"bucket":"gcf-v2-sources-548745467606-us-central1","object":"api/function-source.zip","generation":"1757399337176787"}},"environmentVariables":{"GOOGLE_NODE_RUN_SCRIPTS":""},"dockerRepository":"projects/safipraneeth-2c6f8/locations/us-central1/repositories/gcf-artifacts","sourceProvenance":{"resolvedStorageSource":{"bucket":"gcf-v2-sources-548745467606-us-central1","object":"api/function-source.zip","generation":"1757399337176787"}},"dockerRegistry":"ARTIFACT_REGISTRY","serviceAccount":"projects/safipraneeth-2c6f8/serviceAccounts/548745467606-compute@developer.gserviceaccount.com","automaticUpdatePolicy":{}},"serviceConfig":{"service":"projects/safipraneeth-2c6f8/locations/us-central1/services/api","timeoutSeconds":60,"environmentVariables":{"FIREBASE_CONFIG":"{\"projectId\":\"safipraneeth-2c6f8\",\"storageBucket\":\"safipraneeth-2c6f8.firebasestorage.app\"}","GCLOUD_PROJECT":"safipraneeth-2c6f8","EVENTARC_CLOUD_EVENT_SOURCE":"projects/safipraneeth-2c6f8/locations/us-central1/services/api","FUNCTION_TARGET":"api","LOG_EXECUTION_ID":"true"},"maxInstanceCount":20,"ingressSettings":"ALLOW_ALL","uri":"https://api-u5dgq6nqmq-uc.a.run.app","serviceAccountEmail":"548745467606-compute@developer.gserviceaccount.com","availableMemory":"256Mi","allTrafficOnLatestRevision":true,"revision":"api-00011-mas","maxInstanceRequestConcurrency":80,"availableCpu":"1"},"state":"ACTIVE","updateTime":"2025-09-09T06:29:50.505909484Z","labels":{"deployment-tool":"cli-firebase","firebase-functions-hash":"91831920a774458a9677b93e88b44b06930dbf38"},"environment":"GEN_2","url":"https://us-central1-safipraneeth-2c6f8.cloudfunctions.net/api","createTime":"2025-09-07T18:07:43.424662698Z","satisfiesPzi":true}]}
[info] i  functions: ensuring required API run.googleapis.com is enabled... 
[info] i  functions: ensuring required API eventarc.googleapis.com is enabled... 
[info] i  functions: ensuring required API pubsub.googleapis.com is enabled... 
[info] i  functions: ensuring required API storage.googleapis.com is enabled... 
[info] i  functions: generating the service identity for pubsub.googleapis.com... 
[debug] [2025-09-09T06:45:17.794Z] Checked if tokens are valid: true, expires at: 1757403901821
[debug] [2025-09-09T06:45:17.794Z] Checked if tokens are valid: true, expires at: 1757403901821
[info] i  functions: generating the service identity for eventarc.googleapis.com... 
[debug] [2025-09-09T06:45:17.794Z] Checked if tokens are valid: true, expires at: 1757403901821
[debug] [2025-09-09T06:45:17.794Z] Checked if tokens are valid: true, expires at: 1757403901821
[debug] [2025-09-09T06:45:17.795Z] >>> [apiv2][query] POST https://serviceusage.googleapis.com/v1beta1/projects/548745467606/services/pubsub.googleapis.com:generateServiceIdentity [none]
[debug] [2025-09-09T06:45:17.795Z] >>> [apiv2][(partial)header] POST https://serviceusage.googleapis.com/v1beta1/projects/548745467606/services/pubsub.googleapis.com:generateServiceIdentity x-goog-quota-user=projects/548745467606
[debug] [2025-09-09T06:45:17.795Z] >>> [apiv2][body] POST https://serviceusage.googleapis.com/v1beta1/projects/548745467606/services/pubsub.googleapis.com:generateServiceIdentity {}
[debug] [2025-09-09T06:45:17.796Z] >>> [apiv2][query] POST https://serviceusage.googleapis.com/v1beta1/projects/548745467606/services/eventarc.googleapis.com:generateServiceIdentity [none]
[debug] [2025-09-09T06:45:17.796Z] >>> [apiv2][(partial)header] POST https://serviceusage.googleapis.com/v1beta1/projects/548745467606/services/eventarc.googleapis.com:generateServiceIdentity x-goog-quota-user=projects/548745467606
[debug] [2025-09-09T06:45:17.796Z] >>> [apiv2][body] POST https://serviceusage.googleapis.com/v1beta1/projects/548745467606/services/eventarc.googleapis.com:generateServiceIdentity {}
[debug] [2025-09-09T06:45:20.047Z] <<< [apiv2][status] POST https://serviceusage.googleapis.com/v1beta1/projects/548745467606/services/pubsub.googleapis.com:generateServiceIdentity 200
[debug] [2025-09-09T06:45:20.047Z] <<< [apiv2][body] POST https://serviceusage.googleapis.com/v1beta1/projects/548745467606/services/pubsub.googleapis.com:generateServiceIdentity {"name":"operations/finished.DONE_OPERATION","done":true,"response":{"@type":"type.googleapis.com/google.api.serviceusage.v1beta1.ServiceIdentity","email":"service-548745467606@gcp-sa-pubsub.iam.gserviceaccount.com","uniqueId":"104047189224857817479"}}
[debug] [2025-09-09T06:45:20.092Z] <<< [apiv2][status] POST https://serviceusage.googleapis.com/v1beta1/projects/548745467606/services/eventarc.googleapis.com:generateServiceIdentity 200
[debug] [2025-09-09T06:45:20.093Z] <<< [apiv2][body] POST https://serviceusage.googleapis.com/v1beta1/projects/548745467606/services/eventarc.googleapis.com:generateServiceIdentity {"name":"operations/finished.DONE_OPERATION","done":true,"response":{"@type":"type.googleapis.com/google.api.serviceusage.v1beta1.ServiceIdentity","email":"service-548745467606@gcp-sa-eventarc.iam.gserviceaccount.com","uniqueId":"102016012235312307245"}}
[debug] [2025-09-09T06:45:20.094Z] Checked if tokens are valid: true, expires at: 1757403901821
[debug] [2025-09-09T06:45:20.094Z] Checked if tokens are valid: true, expires at: 1757403901821
[debug] [2025-09-09T06:45:20.094Z] >>> [apiv2][query] GET https://cloudresourcemanager.googleapis.com/v1/projects/safipraneeth-2c6f8 [none]
[debug] [2025-09-09T06:45:21.450Z] <<< [apiv2][status] GET https://cloudresourcemanager.googleapis.com/v1/projects/safipraneeth-2c6f8 200
[debug] [2025-09-09T06:45:21.451Z] <<< [apiv2][body] GET https://cloudresourcemanager.googleapis.com/v1/projects/safipraneeth-2c6f8 {"projectNumber":"548745467606","projectId":"safipraneeth-2c6f8","lifecycleState":"ACTIVE","name":"safipraneeth","labels":{"firebase":"enabled","firebase-core":"disabled"},"createTime":"2025-09-07T06:35:59.142236Z"}
[debug] [2025-09-09T06:45:21.451Z] Checked if tokens are valid: true, expires at: 1757403901821
[debug] [2025-09-09T06:45:21.451Z] Checked if tokens are valid: true, expires at: 1757403901821
[debug] [2025-09-09T06:45:21.452Z] >>> [apiv2][query] GET https://compute.googleapis.com/compute/v1/projects/548745467606 [none]
[debug] [2025-09-09T06:45:21.926Z] <<< [apiv2][status] GET https://compute.googleapis.com/compute/v1/projects/548745467606 403
[debug] [2025-09-09T06:45:21.927Z] <<< [apiv2][body] GET https://compute.googleapis.com/compute/v1/projects/548745467606 {"error":{"code":403,"message":"Compute Engine API has not been used in project 548745467606 before or it is disabled. Enable it by visiting https://console.developers.google.com/apis/api/compute.googleapis.com/overview?project=548745467606 then retry. If you enabled this API recently, wait a few minutes for the action to propagate to our systems and retry.","errors":[{"message":"Compute Engine API has not been used in project 548745467606 before or it is disabled. Enable it by visiting https://console.developers.google.com/apis/api/compute.googleapis.com/overview?project=548745467606 then retry. If you enabled this API recently, wait a few minutes for the action to propagate to our systems and retry.","domain":"usageLimits","reason":"accessNotConfigured","extendedHelp":"https://console.developers.google.com"}],"status":"PERMISSION_DENIED","details":[{"@type":"type.googleapis.com/google.rpc.ErrorInfo","reason":"SERVICE_DISABLED","domain":"googleapis.com","metadata":{"consumer":"projects/548745467606","service":"compute.googleapis.com","serviceTitle":"Compute Engine API","activationUrl":"https://console.developers.google.com/apis/api/compute.googleapis.com/overview?project=548745467606","containerInfo":"548745467606"}},{"@type":"type.googleapis.com/google.rpc.LocalizedMessage","locale":"en-US","message":"Compute Engine API has not been used in project 548745467606 before or it is disabled. Enable it by visiting https://console.developers.google.com/apis/api/compute.googleapis.com/overview?project=548745467606 then retry. If you enabled this API recently, wait a few minutes for the action to propagate to our systems and retry."},{"@type":"type.googleapis.com/google.rpc.Help","links":[{"description":"Google developers console API activation","url":"https://console.developers.google.com/apis/api/compute.googleapis.com/overview?project=548745467606"}]}]}}
[debug] [2025-09-09T06:45:21.927Z] unable to look up default compute service account. Falling back to 548745467606-compute@developer.gserviceaccount.com. Error: {"name":"FirebaseError","children":[],"context":{"body":{"error":{"code":403,"message":"Compute Engine API has not been used in project 548745467606 before or it is disabled. Enable it by visiting https://console.developers.google.com/apis/api/compute.googleapis.com/overview?project=548745467606 then retry. If you enabled this API recently, wait a few minutes for the action to propagate to our systems and retry.","errors":[{"message":"Compute Engine API has not been used in project 548745467606 before or it is disabled. Enable it by visiting https://console.developers.google.com/apis/api/compute.googleapis.com/overview?project=548745467606 then retry. If you enabled this API recently, wait a few minutes for the action to propagate to our systems and retry.","domain":"usageLimits","reason":"accessNotConfigured","extendedHelp":"https://console.developers.google.com"}],"status":"PERMISSION_DENIED","details":[{"@type":"type.googleapis.com/google.rpc.ErrorInfo","reason":"SERVICE_DISABLED","domain":"googleapis.com","metadata":{"consumer":"projects/548745467606","service":"compute.googleapis.com","serviceTitle":"Compute Engine API","activationUrl":"https://console.developers.google.com/apis/api/compute.googleapis.com/overview?project=548745467606","containerInfo":"548745467606"}},{"@type":"type.googleapis.com/google.rpc.LocalizedMessage","locale":"en-US","message":"Compute Engine API has not been used in project 548745467606 before or it is disabled. Enable it by visiting https://console.developers.google.com/apis/api/compute.googleapis.com/overview?project=548745467606 then retry. If you enabled this API recently, wait a few minutes for the action to propagate to our systems and retry."},{"@type":"type.googleapis.com/google.rpc.Help","links":[{"description":"Google developers console API activation","url":"https://console.developers.google.com/apis/api/compute.googleapis.com/overview?project=548745467606"}]}]}},"response":{"statusCode":403}},"exit":1,"message":"Request to https://compute.googleapis.com/compute/v1/projects/548745467606 had HTTP Error: 403, Compute Engine API has not been used in project 548745467606 before or it is disabled. Enable it by visiting https://console.developers.google.com/apis/api/compute.googleapis.com/overview?project=548745467606 then retry. If you enabled this API recently, wait a few minutes for the action to propagate to our systems and retry.","status":403}
[debug] [2025-09-09T06:45:21.929Z] Checked if tokens are valid: true, expires at: 1757403901821
[debug] [2025-09-09T06:45:21.929Z] Checked if tokens are valid: true, expires at: 1757403901821
[debug] [2025-09-09T06:45:21.930Z] >>> [apiv2][query] GET https://cloudbilling.googleapis.com/v1/projects/safipraneeth-2c6f8/billingInfo [none]
[debug] [2025-09-09T06:45:22.905Z] <<< [apiv2][status] GET https://cloudbilling.googleapis.com/v1/projects/safipraneeth-2c6f8/billingInfo 200
[debug] [2025-09-09T06:45:22.905Z] <<< [apiv2][body] GET https://cloudbilling.googleapis.com/v1/projects/safipraneeth-2c6f8/billingInfo {"name":"projects/safipraneeth-2c6f8/billingInfo","projectId":"safipraneeth-2c6f8","billingAccountName":"billingAccounts/017EEF-DE99FF-60913C","billingEnabled":true}
[debug] [2025-09-09T06:45:22.907Z] Checked if tokens are valid: true, expires at: 1757403901821
[debug] [2025-09-09T06:45:22.907Z] Checked if tokens are valid: true, expires at: 1757403901821
[debug] [2025-09-09T06:45:22.908Z] >>> [apiv2][query] POST https://cloudfunctions.googleapis.com/v2/projects/safipraneeth-2c6f8/locations/us-central1/functions:generateUploadUrl [none]
[debug] [2025-09-09T06:45:24.654Z] <<< [apiv2][status] POST https://cloudfunctions.googleapis.com/v2/projects/safipraneeth-2c6f8/locations/us-central1/functions:generateUploadUrl 200
[debug] [2025-09-09T06:45:24.654Z] <<< [apiv2][body] POST https://cloudfunctions.googleapis.com/v2/projects/safipraneeth-2c6f8/locations/us-central1/functions:generateUploadUrl {"uploadUrl":"https://storage.googleapis.com/gcf-v2-uploads-548745467606.us-central1.cloudfunctions.appspot.com/4ccdd2f6-8e38-4b5b-b17a-2163721432af.zip?GoogleAccessId=service-548745467606@gcf-admin-robot.iam.gserviceaccount.com&Expires=1757402124&Signature=p0qeBBtRW2zXNan9qQdSuqzbt6gDF5wgPxPVJHR67uVzyo3%2BPMEwLT4IRW%2Fti8vdgcJdyCVNPOxfJ7TTJocffpo4%2BM%2B6uM6eoX08rKdPkPNdsoq0eKyfX3GfawBj2bRuCicdKIxQaP3cBtrMaWNxEn8zer6BTWfy5VKW6Q%2Fa4GYwGKOaNwnEr3dvt0Fm7p3Md3lJ9dPzzLszBlK3ez1zjxuy8etuNNbqUUSqRc9letdWJXWIJNFAbvILv2Fu1V%2FZKbaoeGIvUFEyPxcPkpS2dvtFaazX5HCLfeaqj7MVK%2Fd8Ian4PJjt9lzV1LOiloMk97jfXt%2BM5m7pQmxWLjbyAQ%3D%3D","storageSource":{"bucket":"gcf-v2-uploads-548745467606.us-central1.cloudfunctions.appspot.com","object":"4ccdd2f6-8e38-4b5b-b17a-2163721432af.zip"}}
[debug] [2025-09-09T06:45:24.655Z] >>> [apiv2][query] PUT https://storage.googleapis.com/gcf-v2-uploads-548745467606.us-central1.cloudfunctions.appspot.com/4ccdd2f6-8e38-4b5b-b17a-2163721432af.zip GoogleAccessId=service-548745467606%40gcf-admin-robot.iam.gserviceaccount.com&Expires=1757402124&Signature=p0qeBBtRW2zXNan9qQdSuqzbt6gDF5wgPxPVJHR67uVzyo3%2BPMEwLT4IRW%2Fti8vdgcJdyCVNPOxfJ7TTJocffpo4%2BM%2B6uM6eoX08rKdPkPNdsoq0eKyfX3GfawBj2bRuCicdKIxQaP3cBtrMaWNxEn8zer6BTWfy5VKW6Q%2Fa4GYwGKOaNwnEr3dvt0Fm7p3Md3lJ9dPzzLszBlK3ez1zjxuy8etuNNbqUUSqRc9letdWJXWIJNFAbvILv2Fu1V%2FZKbaoeGIvUFEyPxcPkpS2dvtFaazX5HCLfeaqj7MVK%2Fd8Ian4PJjt9lzV1LOiloMk97jfXt%2BM5m7pQmxWLjbyAQ%3D%3D
[debug] [2025-09-09T06:45:24.655Z] >>> [apiv2][body] PUT https://storage.googleapis.com/gcf-v2-uploads-548745467606.us-central1.cloudfunctions.appspot.com/4ccdd2f6-8e38-4b5b-b17a-2163721432af.zip [stream]
[debug] [2025-09-09T06:45:25.912Z] <<< [apiv2][status] PUT https://storage.googleapis.com/gcf-v2-uploads-548745467606.us-central1.cloudfunctions.appspot.com/4ccdd2f6-8e38-4b5b-b17a-2163721432af.zip 200
[debug] [2025-09-09T06:45:25.912Z] <<< [apiv2][body] PUT https://storage.googleapis.com/gcf-v2-uploads-548745467606.us-central1.cloudfunctions.appspot.com/4ccdd2f6-8e38-4b5b-b17a-2163721432af.zip [omitted]
[info] ✔  functions: functions folder uploaded successfully 
[info] i  functions: updating Node.js 20 (2nd Gen) function api(us-central1)... 
[debug] [2025-09-09T06:45:25.920Z] Checked if tokens are valid: true, expires at: 1757403901821
[debug] [2025-09-09T06:45:25.921Z] Checked if tokens are valid: true, expires at: 1757403901821
[debug] [2025-09-09T06:45:25.921Z] >>> [apiv2][query] PATCH https://cloudfunctions.googleapis.com/v2/projects/safipraneeth-2c6f8/locations/us-central1/functions/api updateMask=name%2CbuildConfig.runtime%2CbuildConfig.entryPoint%2CbuildConfig.source.storageSource.bucket%2CbuildConfig.source.storageSource.object%2CbuildConfig.environmentVariables%2CbuildConfig.sourceToken%2CserviceConfig.environmentVariables%2CserviceConfig.ingressSettings%2CserviceConfig.timeoutSeconds%2CserviceConfig.serviceAccountEmail%2CserviceConfig.availableMemory%2CserviceConfig.minInstanceCount%2CserviceConfig.maxInstanceCount%2CserviceConfig.maxInstanceRequestConcurrency%2CserviceConfig.availableCpu%2CserviceConfig.vpcConnector%2CserviceConfig.vpcConnectorEgressSettings%2Clabels
[debug] [2025-09-09T06:45:25.921Z] >>> [apiv2][body] PATCH https://cloudfunctions.googleapis.com/v2/projects/safipraneeth-2c6f8/locations/us-central1/functions/api {"name":"projects/safipraneeth-2c6f8/locations/us-central1/functions/api","buildConfig":{"runtime":"nodejs20","entryPoint":"api","source":{"storageSource":{"bucket":"gcf-v2-uploads-548745467606.us-central1.cloudfunctions.appspot.com","object":"4ccdd2f6-8e38-4b5b-b17a-2163721432af.zip"}},"environmentVariables":{"GOOGLE_NODE_RUN_SCRIPTS":""}},"serviceConfig":{"environmentVariables":{"FIREBASE_CONFIG":"{\"projectId\":\"safipraneeth-2c6f8\",\"storageBucket\":\"safipraneeth-2c6f8.firebasestorage.app\"}","GCLOUD_PROJECT":"safipraneeth-2c6f8","EVENTARC_CLOUD_EVENT_SOURCE":"projects/safipraneeth-2c6f8/locations/us-central1/services/api","FUNCTION_TARGET":"api","LOG_EXECUTION_ID":"true"},"ingressSettings":null,"timeoutSeconds":null,"serviceAccountEmail":null,"availableMemory":"256Mi","minInstanceCount":null,"maxInstanceCount":null,"maxInstanceRequestConcurrency":80,"availableCpu":"1","vpcConnector":null,"vpcConnectorEgressSettings":null},"labels":{"deployment-tool":"cli-firebase","firebase-functions-hash":"a2374be3695b03240ce5d9a71e4cebfd63354790"}}
[debug] [2025-09-09T06:45:28.412Z] <<< [apiv2][status] PATCH https://cloudfunctions.googleapis.com/v2/projects/safipraneeth-2c6f8/locations/us-central1/functions/api 200
[debug] [2025-09-09T06:45:28.412Z] <<< [apiv2][body] PATCH https://cloudfunctions.googleapis.com/v2/projects/safipraneeth-2c6f8/locations/us-central1/functions/api {"name":"projects/safipraneeth-2c6f8/locations/us-central1/operations/operation-1757400327121-63e58a639ea08-cc32834e-5e4dee25","metadata":{"@type":"type.googleapis.com/google.cloud.functions.v2.OperationMetadata","createTime":"2025-09-09T06:45:28.079055234Z","target":"projects/safipraneeth-2c6f8/locations/us-central1/functions/api","verb":"update","cancelRequested":false,"apiVersion":"v2"},"done":false}
[debug] [2025-09-09T06:45:28.413Z] Checked if tokens are valid: true, expires at: 1757403901821
[debug] [2025-09-09T06:45:28.413Z] Checked if tokens are valid: true, expires at: 1757403901821
[debug] [2025-09-09T06:45:28.414Z] >>> [apiv2][query] GET https://cloudfunctions.googleapis.com/v2/projects/safipraneeth-2c6f8/locations/us-central1/operations/operation-1757400327121-63e58a639ea08-cc32834e-5e4dee25 [none]
[debug] [2025-09-09T06:45:29.842Z] <<< [apiv2][status] GET https://cloudfunctions.googleapis.com/v2/projects/safipraneeth-2c6f8/locations/us-central1/operations/operation-1757400327121-63e58a639ea08-cc32834e-5e4dee25 200
[debug] [2025-09-09T06:45:29.842Z] <<< [apiv2][body] GET https://cloudfunctions.googleapis.com/v2/projects/safipraneeth-2c6f8/locations/us-central1/operations/operation-1757400327121-63e58a639ea08-cc32834e-5e4dee25 {"name":"projects/safipraneeth-2c6f8/locations/us-central1/operations/operation-1757400327121-63e58a639ea08-cc32834e-5e4dee25","metadata":{"@type":"type.googleapis.com/google.cloud.functions.v2.OperationMetadata","createTime":"2025-09-09T06:45:28.079055234Z","target":"projects/safipraneeth-2c6f8/locations/us-central1/functions/api","verb":"update","cancelRequested":false,"apiVersion":"v2","requestResource":{"@type":"type.googleapis.com/google.cloud.functions.v2.Function","name":"projects/safipraneeth-2c6f8/locations/us-central1/functions/api","buildConfig":{"runtime":"nodejs20","entryPoint":"api","source":{"storageSource":{"bucket":"gcf-v2-sources-548745467606-us-central1","object":"api/function-source.zip","generation":"1757400328011691"}},"environmentVariables":{"GOOGLE_NODE_RUN_SCRIPTS":""},"dockerRepository":"projects/safipraneeth-2c6f8/locations/us-central1/repositories/gcf-artifacts","sourceProvenance":{"resolvedStorageSource":{"bucket":"gcf-v2-sources-548745467606-us-central1","object":"api/function-source.zip","generation":"1757399337176787"}},"dockerRegistry":"ARTIFACT_REGISTRY","serviceAccount":"projects/safipraneeth-2c6f8/serviceAccounts/548745467606-compute@developer.gserviceaccount.com","automaticUpdatePolicy":{}},"serviceConfig":{"service":"projects/safipraneeth-2c6f8/locations/us-central1/services/api","timeoutSeconds":60,"environmentVariables":{"FIREBASE_CONFIG":"{\"projectId\":\"safipraneeth-2c6f8\",\"storageBucket\":\"safipraneeth-2c6f8.firebasestorage.app\"}","GCLOUD_PROJECT":"safipraneeth-2c6f8","EVENTARC_CLOUD_EVENT_SOURCE":"projects/safipraneeth-2c6f8/locations/us-central1/services/api","FUNCTION_TARGET":"api","LOG_EXECUTION_ID":"true"},"ingressSettings":"ALLOW_ALL","uri":"https://api-u5dgq6nqmq-uc.a.run.app","serviceAccountEmail":"548745467606-compute@developer.gserviceaccount.com","availableMemory":"256Mi","allTrafficOnLatestRevision":true,"revision":"api-00011-mas","maxInstanceRequestConcurrency":80,"availableCpu":"1"},"state":"ACTIVE","labels":{"deployment-tool":"cli-firebase","firebase-functions-hash":"a2374be3695b03240ce5d9a71e4cebfd63354790"},"environment":"GEN_2","url":"https://us-central1-safipraneeth-2c6f8.cloudfunctions.net/api","satisfiesPzi":true},"stages":[{"name":"BUILD","message":"Build in progress","state":"IN_PROGRESS","resource":"projects/548745467606/locations/us-central1/builds/5813b446-379f-4f37-99c5-1bc0989803c4","resourceUri":"https://console.cloud.google.com/cloud-build/builds;region=us-central1/5813b446-379f-4f37-99c5-1bc0989803c4?project=548745467606"},{"name":"SERVICE","state":"NOT_STARTED"}],"operationType":"UPDATE_FUNCTION","buildName":"projects/548745467606/locations/us-central1/builds/5813b446-379f-4f37-99c5-1bc0989803c4"},"done":false}
[debug] [2025-09-09T06:45:30.343Z] [update-default-us-central1-api] Retrying task index 0
[debug] [2025-09-09T06:45:30.343Z] Checked if tokens are valid: true, expires at: 1757403901821
[debug] [2025-09-09T06:45:30.344Z] Checked if tokens are valid: true, expires at: 1757403901821
[debug] [2025-09-09T06:45:30.344Z] >>> [apiv2][query] GET https://cloudfunctions.googleapis.com/v2/projects/safipraneeth-2c6f8/locations/us-central1/operations/operation-1757400327121-63e58a639ea08-cc32834e-5e4dee25 [none]
[debug] [2025-09-09T06:45:31.693Z] <<< [apiv2][status] GET https://cloudfunctions.googleapis.com/v2/projects/safipraneeth-2c6f8/locations/us-central1/operations/operation-1757400327121-63e58a639ea08-cc32834e-5e4dee25 200
[debug] [2025-09-09T06:45:31.693Z] <<< [apiv2][body] GET https://cloudfunctions.googleapis.com/v2/projects/safipraneeth-2c6f8/locations/us-central1/operations/operation-1757400327121-63e58a639ea08-cc32834e-5e4dee25 {"name":"projects/safipraneeth-2c6f8/locations/us-central1/operations/operation-1757400327121-63e58a639ea08-cc32834e-5e4dee25","metadata":{"@type":"type.googleapis.com/google.cloud.functions.v2.OperationMetadata","createTime":"2025-09-09T06:45:28.079055234Z","target":"projects/safipraneeth-2c6f8/locations/us-central1/functions/api","verb":"update","cancelRequested":false,"apiVersion":"v2","requestResource":{"@type":"type.googleapis.com/google.cloud.functions.v2.Function","name":"projects/safipraneeth-2c6f8/locations/us-central1/functions/api","buildConfig":{"runtime":"nodejs20","entryPoint":"api","source":{"storageSource":{"bucket":"gcf-v2-sources-548745467606-us-central1","object":"api/function-source.zip","generation":"1757400328011691"}},"environmentVariables":{"GOOGLE_NODE_RUN_SCRIPTS":""},"dockerRepository":"projects/safipraneeth-2c6f8/locations/us-central1/repositories/gcf-artifacts","sourceProvenance":{"resolvedStorageSource":{"bucket":"gcf-v2-sources-548745467606-us-central1","object":"api/function-source.zip","generation":"1757399337176787"}},"dockerRegistry":"ARTIFACT_REGISTRY","serviceAccount":"projects/safipraneeth-2c6f8/serviceAccounts/548745467606-compute@developer.gserviceaccount.com","automaticUpdatePolicy":{}},"serviceConfig":{"service":"projects/safipraneeth-2c6f8/locations/us-central1/services/api","timeoutSeconds":60,"environmentVariables":{"FIREBASE_CONFIG":"{\"projectId\":\"safipraneeth-2c6f8\",\"storageBucket\":\"safipraneeth-2c6f8.firebasestorage.app\"}","GCLOUD_PROJECT":"safipraneeth-2c6f8","EVENTARC_CLOUD_EVENT_SOURCE":"projects/safipraneeth-2c6f8/locations/us-central1/services/api","FUNCTION_TARGET":"api","LOG_EXECUTION_ID":"true"},"ingressSettings":"ALLOW_ALL","uri":"https://api-u5dgq6nqmq-uc.a.run.app","serviceAccountEmail":"548745467606-compute@developer.gserviceaccount.com","availableMemory":"256Mi","allTrafficOnLatestRevision":true,"revision":"api-00011-mas","maxInstanceRequestConcurrency":80,"availableCpu":"1"},"state":"ACTIVE","labels":{"deployment-tool":"cli-firebase","firebase-functions-hash":"a2374be3695b03240ce5d9a71e4cebfd63354790"},"environment":"GEN_2","url":"https://us-central1-safipraneeth-2c6f8.cloudfunctions.net/api","satisfiesPzi":true},"stages":[{"name":"BUILD","message":"Build in progress","state":"IN_PROGRESS","resource":"projects/548745467606/locations/us-central1/builds/5813b446-379f-4f37-99c5-1bc0989803c4","resourceUri":"https://console.cloud.google.com/cloud-build/builds;region=us-central1/5813b446-379f-4f37-99c5-1bc0989803c4?project=548745467606"},{"name":"SERVICE","state":"NOT_STARTED"}],"operationType":"UPDATE_FUNCTION","buildName":"projects/548745467606/locations/us-central1/builds/5813b446-379f-4f37-99c5-1bc0989803c4"},"done":false}
[debug] [2025-09-09T06:45:32.694Z] [update-default-us-central1-api] Retrying task index 0
[debug] [2025-09-09T06:45:32.695Z] Checked if tokens are valid: true, expires at: 1757403901821
[debug] [2025-09-09T06:45:32.695Z] Checked if tokens are valid: true, expires at: 1757403901821
[debug] [2025-09-09T06:45:32.695Z] >>> [apiv2][query] GET https://cloudfunctions.googleapis.com/v2/projects/safipraneeth-2c6f8/locations/us-central1/operations/operation-1757400327121-63e58a639ea08-cc32834e-5e4dee25 [none]
[debug] [2025-09-09T06:45:34.144Z] <<< [apiv2][status] GET https://cloudfunctions.googleapis.com/v2/projects/safipraneeth-2c6f8/locations/us-central1/operations/operation-1757400327121-63e58a639ea08-cc32834e-5e4dee25 200
[debug] [2025-09-09T06:45:34.144Z] <<< [apiv2][body] GET https://cloudfunctions.googleapis.com/v2/projects/safipraneeth-2c6f8/locations/us-central1/operations/operation-1757400327121-63e58a639ea08-cc32834e-5e4dee25 {"name":"projects/safipraneeth-2c6f8/locations/us-central1/operations/operation-1757400327121-63e58a639ea08-cc32834e-5e4dee25","metadata":{"@type":"type.googleapis.com/google.cloud.functions.v2.OperationMetadata","createTime":"2025-09-09T06:45:28.079055234Z","target":"projects/safipraneeth-2c6f8/locations/us-central1/functions/api","verb":"update","cancelRequested":false,"apiVersion":"v2","requestResource":{"@type":"type.googleapis.com/google.cloud.functions.v2.Function","name":"projects/safipraneeth-2c6f8/locations/us-central1/functions/api","buildConfig":{"runtime":"nodejs20","entryPoint":"api","source":{"storageSource":{"bucket":"gcf-v2-sources-548745467606-us-central1","object":"api/function-source.zip","generation":"1757400328011691"}},"environmentVariables":{"GOOGLE_NODE_RUN_SCRIPTS":""},"dockerRepository":"projects/safipraneeth-2c6f8/locations/us-central1/repositories/gcf-artifacts","sourceProvenance":{"resolvedStorageSource":{"bucket":"gcf-v2-sources-548745467606-us-central1","object":"api/function-source.zip","generation":"1757399337176787"}},"dockerRegistry":"ARTIFACT_REGISTRY","serviceAccount":"projects/safipraneeth-2c6f8/serviceAccounts/548745467606-compute@developer.gserviceaccount.com","automaticUpdatePolicy":{}},"serviceConfig":{"service":"projects/safipraneeth-2c6f8/locations/us-central1/services/api","timeoutSeconds":60,"environmentVariables":{"FIREBASE_CONFIG":"{\"projectId\":\"safipraneeth-2c6f8\",\"storageBucket\":\"safipraneeth-2c6f8.firebasestorage.app\"}","GCLOUD_PROJECT":"safipraneeth-2c6f8","EVENTARC_CLOUD_EVENT_SOURCE":"projects/safipraneeth-2c6f8/locations/us-central1/services/api","FUNCTION_TARGET":"api","LOG_EXECUTION_ID":"true"},"ingressSettings":"ALLOW_ALL","uri":"https://api-u5dgq6nqmq-uc.a.run.app","serviceAccountEmail":"548745467606-compute@developer.gserviceaccount.com","availableMemory":"256Mi","allTrafficOnLatestRevision":true,"revision":"api-00011-mas","maxInstanceRequestConcurrency":80,"availableCpu":"1"},"state":"ACTIVE","labels":{"deployment-tool":"cli-firebase","firebase-functions-hash":"a2374be3695b03240ce5d9a71e4cebfd63354790"},"environment":"GEN_2","url":"https://us-central1-safipraneeth-2c6f8.cloudfunctions.net/api","satisfiesPzi":true},"stages":[{"name":"BUILD","message":"Build in progress","state":"IN_PROGRESS","resource":"projects/548745467606/locations/us-central1/builds/5813b446-379f-4f37-99c5-1bc0989803c4","resourceUri":"https://console.cloud.google.com/cloud-build/builds;region=us-central1/5813b446-379f-4f37-99c5-1bc0989803c4?project=548745467606"},{"name":"SERVICE","state":"NOT_STARTED"}],"operationType":"UPDATE_FUNCTION","buildName":"projects/548745467606/locations/us-central1/builds/5813b446-379f-4f37-99c5-1bc0989803c4"},"done":false}
[debug] [2025-09-09T06:45:36.145Z] [update-default-us-central1-api] Retrying task index 0
[debug] [2025-09-09T06:45:36.145Z] Checked if tokens are valid: true, expires at: 1757403901821
[debug] [2025-09-09T06:45:36.145Z] Checked if tokens are valid: true, expires at: 1757403901821
[debug] [2025-09-09T06:45:36.145Z] >>> [apiv2][query] GET https://cloudfunctions.googleapis.com/v2/projects/safipraneeth-2c6f8/locations/us-central1/operations/operation-1757400327121-63e58a639ea08-cc32834e-5e4dee25 [none]
[debug] [2025-09-09T06:45:36.603Z] <<< [apiv2][status] GET https://cloudfunctions.googleapis.com/v2/projects/safipraneeth-2c6f8/locations/us-central1/operations/operation-1757400327121-63e58a639ea08-cc32834e-5e4dee25 200
[debug] [2025-09-09T06:45:36.603Z] <<< [apiv2][body] GET https://cloudfunctions.googleapis.com/v2/projects/safipraneeth-2c6f8/locations/us-central1/operations/operation-1757400327121-63e58a639ea08-cc32834e-5e4dee25 {"name":"projects/safipraneeth-2c6f8/locations/us-central1/operations/operation-1757400327121-63e58a639ea08-cc32834e-5e4dee25","metadata":{"@type":"type.googleapis.com/google.cloud.functions.v2.OperationMetadata","createTime":"2025-09-09T06:45:28.079055234Z","target":"projects/safipraneeth-2c6f8/locations/us-central1/functions/api","verb":"update","cancelRequested":false,"apiVersion":"v2","requestResource":{"@type":"type.googleapis.com/google.cloud.functions.v2.Function","name":"projects/safipraneeth-2c6f8/locations/us-central1/functions/api","buildConfig":{"runtime":"nodejs20","entryPoint":"api","source":{"storageSource":{"bucket":"gcf-v2-sources-548745467606-us-central1","object":"api/function-source.zip","generation":"1757400328011691"}},"environmentVariables":{"GOOGLE_NODE_RUN_SCRIPTS":""},"dockerRepository":"projects/safipraneeth-2c6f8/locations/us-central1/repositories/gcf-artifacts","sourceProvenance":{"resolvedStorageSource":{"bucket":"gcf-v2-sources-548745467606-us-central1","object":"api/function-source.zip","generation":"1757399337176787"}},"dockerRegistry":"ARTIFACT_REGISTRY","serviceAccount":"projects/safipraneeth-2c6f8/serviceAccounts/548745467606-compute@developer.gserviceaccount.com","automaticUpdatePolicy":{}},"serviceConfig":{"service":"projects/safipraneeth-2c6f8/locations/us-central1/services/api","timeoutSeconds":60,"environmentVariables":{"FIREBASE_CONFIG":"{\"projectId\":\"safipraneeth-2c6f8\",\"storageBucket\":\"safipraneeth-2c6f8.firebasestorage.app\"}","GCLOUD_PROJECT":"safipraneeth-2c6f8","EVENTARC_CLOUD_EVENT_SOURCE":"projects/safipraneeth-2c6f8/locations/us-central1/services/api","FUNCTION_TARGET":"api","LOG_EXECUTION_ID":"true"},"ingressSettings":"ALLOW_ALL","uri":"https://api-u5dgq6nqmq-uc.a.run.app","serviceAccountEmail":"548745467606-compute@developer.gserviceaccount.com","availableMemory":"256Mi","allTrafficOnLatestRevision":true,"revision":"api-00011-mas","maxInstanceRequestConcurrency":80,"availableCpu":"1"},"state":"ACTIVE","labels":{"deployment-tool":"cli-firebase","firebase-functions-hash":"a2374be3695b03240ce5d9a71e4cebfd63354790"},"environment":"GEN_2","url":"https://us-central1-safipraneeth-2c6f8.cloudfunctions.net/api","satisfiesPzi":true},"stages":[{"name":"BUILD","message":"Build in progress","state":"IN_PROGRESS","resource":"projects/548745467606/locations/us-central1/builds/5813b446-379f-4f37-99c5-1bc0989803c4","resourceUri":"https://console.cloud.google.com/cloud-build/builds;region=us-central1/5813b446-379f-4f37-99c5-1bc0989803c4?project=548745467606"},{"name":"SERVICE","state":"NOT_STARTED"}],"operationType":"UPDATE_FUNCTION","buildName":"projects/548745467606/locations/us-central1/builds/5813b446-379f-4f37-99c5-1bc0989803c4"},"done":false}
[debug] [2025-09-09T06:45:40.604Z] [update-default-us-central1-api] Retrying task index 0
[debug] [2025-09-09T06:45:40.604Z] Checked if tokens are valid: true, expires at: 1757403901821
[debug] [2025-09-09T06:45:40.604Z] Checked if tokens are valid: true, expires at: 1757403901821
[debug] [2025-09-09T06:45:40.604Z] >>> [apiv2][query] GET https://cloudfunctions.googleapis.com/v2/projects/safipraneeth-2c6f8/locations/us-central1/operations/operation-1757400327121-63e58a639ea08-cc32834e-5e4dee25 [none]
[debug] [2025-09-09T06:45:42.133Z] <<< [apiv2][status] GET https://cloudfunctions.googleapis.com/v2/projects/safipraneeth-2c6f8/locations/us-central1/operations/operation-1757400327121-63e58a639ea08-cc32834e-5e4dee25 200
[debug] [2025-09-09T06:45:42.133Z] <<< [apiv2][body] GET https://cloudfunctions.googleapis.com/v2/projects/safipraneeth-2c6f8/locations/us-central1/operations/operation-1757400327121-63e58a639ea08-cc32834e-5e4dee25 {"name":"projects/safipraneeth-2c6f8/locations/us-central1/operations/operation-1757400327121-63e58a639ea08-cc32834e-5e4dee25","metadata":{"@type":"type.googleapis.com/google.cloud.functions.v2.OperationMetadata","createTime":"2025-09-09T06:45:28.079055234Z","target":"projects/safipraneeth-2c6f8/locations/us-central1/functions/api","verb":"update","cancelRequested":false,"apiVersion":"v2","requestResource":{"@type":"type.googleapis.com/google.cloud.functions.v2.Function","name":"projects/safipraneeth-2c6f8/locations/us-central1/functions/api","buildConfig":{"runtime":"nodejs20","entryPoint":"api","source":{"storageSource":{"bucket":"gcf-v2-sources-548745467606-us-central1","object":"api/function-source.zip","generation":"1757400328011691"}},"environmentVariables":{"GOOGLE_NODE_RUN_SCRIPTS":""},"dockerRepository":"projects/safipraneeth-2c6f8/locations/us-central1/repositories/gcf-artifacts","sourceProvenance":{"resolvedStorageSource":{"bucket":"gcf-v2-sources-548745467606-us-central1","object":"api/function-source.zip","generation":"1757399337176787"}},"dockerRegistry":"ARTIFACT_REGISTRY","serviceAccount":"projects/safipraneeth-2c6f8/serviceAccounts/548745467606-compute@developer.gserviceaccount.com","automaticUpdatePolicy":{}},"serviceConfig":{"service":"projects/safipraneeth-2c6f8/locations/us-central1/services/api","timeoutSeconds":60,"environmentVariables":{"FIREBASE_CONFIG":"{\"projectId\":\"safipraneeth-2c6f8\",\"storageBucket\":\"safipraneeth-2c6f8.firebasestorage.app\"}","GCLOUD_PROJECT":"safipraneeth-2c6f8","EVENTARC_CLOUD_EVENT_SOURCE":"projects/safipraneeth-2c6f8/locations/us-central1/services/api","FUNCTION_TARGET":"api","LOG_EXECUTION_ID":"true"},"ingressSettings":"ALLOW_ALL","uri":"https://api-u5dgq6nqmq-uc.a.run.app","serviceAccountEmail":"548745467606-compute@developer.gserviceaccount.com","availableMemory":"256Mi","allTrafficOnLatestRevision":true,"revision":"api-00011-mas","maxInstanceRequestConcurrency":80,"availableCpu":"1"},"state":"ACTIVE","labels":{"deployment-tool":"cli-firebase","firebase-functions-hash":"a2374be3695b03240ce5d9a71e4cebfd63354790"},"environment":"GEN_2","url":"https://us-central1-safipraneeth-2c6f8.cloudfunctions.net/api","satisfiesPzi":true},"stages":[{"name":"BUILD","message":"Build in progress","state":"IN_PROGRESS","resource":"projects/548745467606/locations/us-central1/builds/5813b446-379f-4f37-99c5-1bc0989803c4","resourceUri":"https://console.cloud.google.com/cloud-build/builds;region=us-central1/5813b446-379f-4f37-99c5-1bc0989803c4?project=548745467606"},{"name":"SERVICE","state":"NOT_STARTED"}],"operationType":"UPDATE_FUNCTION","buildName":"projects/548745467606/locations/us-central1/builds/5813b446-379f-4f37-99c5-1bc0989803c4"},"done":false}
[debug] [2025-09-09T06:45:50.136Z] [update-default-us-central1-api] Retrying task index 0
[debug] [2025-09-09T06:45:50.136Z] Checked if tokens are valid: true, expires at: 1757403901821
[debug] [2025-09-09T06:45:50.136Z] Checked if tokens are valid: true, expires at: 1757403901821
[debug] [2025-09-09T06:45:50.136Z] >>> [apiv2][query] GET https://cloudfunctions.googleapis.com/v2/projects/safipraneeth-2c6f8/locations/us-central1/operations/operation-1757400327121-63e58a639ea08-cc32834e-5e4dee25 [none]
[debug] [2025-09-09T06:45:52.126Z] <<< [apiv2][status] GET https://cloudfunctions.googleapis.com/v2/projects/safipraneeth-2c6f8/locations/us-central1/operations/operation-1757400327121-63e58a639ea08-cc32834e-5e4dee25 200
[debug] [2025-09-09T06:45:52.126Z] <<< [apiv2][body] GET https://cloudfunctions.googleapis.com/v2/projects/safipraneeth-2c6f8/locations/us-central1/operations/operation-1757400327121-63e58a639ea08-cc32834e-5e4dee25 {"name":"projects/safipraneeth-2c6f8/locations/us-central1/operations/operation-1757400327121-63e58a639ea08-cc32834e-5e4dee25","metadata":{"@type":"type.googleapis.com/google.cloud.functions.v2.OperationMetadata","createTime":"2025-09-09T06:45:28.079055234Z","target":"projects/safipraneeth-2c6f8/locations/us-central1/functions/api","verb":"update","cancelRequested":false,"apiVersion":"v2","requestResource":{"@type":"type.googleapis.com/google.cloud.functions.v2.Function","name":"projects/safipraneeth-2c6f8/locations/us-central1/functions/api","buildConfig":{"runtime":"nodejs20","entryPoint":"api","source":{"storageSource":{"bucket":"gcf-v2-sources-548745467606-us-central1","object":"api/function-source.zip","generation":"1757400328011691"}},"environmentVariables":{"GOOGLE_NODE_RUN_SCRIPTS":""},"dockerRepository":"projects/safipraneeth-2c6f8/locations/us-central1/repositories/gcf-artifacts","sourceProvenance":{"resolvedStorageSource":{"bucket":"gcf-v2-sources-548745467606-us-central1","object":"api/function-source.zip","generation":"1757399337176787"}},"dockerRegistry":"ARTIFACT_REGISTRY","serviceAccount":"projects/safipraneeth-2c6f8/serviceAccounts/548745467606-compute@developer.gserviceaccount.com","automaticUpdatePolicy":{}},"serviceConfig":{"service":"projects/safipraneeth-2c6f8/locations/us-central1/services/api","timeoutSeconds":60,"environmentVariables":{"FIREBASE_CONFIG":"{\"projectId\":\"safipraneeth-2c6f8\",\"storageBucket\":\"safipraneeth-2c6f8.firebasestorage.app\"}","GCLOUD_PROJECT":"safipraneeth-2c6f8","EVENTARC_CLOUD_EVENT_SOURCE":"projects/safipraneeth-2c6f8/locations/us-central1/services/api","FUNCTION_TARGET":"api","LOG_EXECUTION_ID":"true"},"ingressSettings":"ALLOW_ALL","uri":"https://api-u5dgq6nqmq-uc.a.run.app","serviceAccountEmail":"548745467606-compute@developer.gserviceaccount.com","availableMemory":"256Mi","allTrafficOnLatestRevision":true,"revision":"api-00011-mas","maxInstanceRequestConcurrency":80,"availableCpu":"1"},"state":"ACTIVE","labels":{"deployment-tool":"cli-firebase","firebase-functions-hash":"a2374be3695b03240ce5d9a71e4cebfd63354790"},"environment":"GEN_2","url":"https://us-central1-safipraneeth-2c6f8.cloudfunctions.net/api","satisfiesPzi":true},"stages":[{"name":"BUILD","message":"Build in progress","state":"IN_PROGRESS","resource":"projects/548745467606/locations/us-central1/builds/5813b446-379f-4f37-99c5-1bc0989803c4","resourceUri":"https://console.cloud.google.com/cloud-build/builds;region=us-central1/5813b446-379f-4f37-99c5-1bc0989803c4?project=548745467606"},{"name":"SERVICE","state":"NOT_STARTED"}],"operationType":"UPDATE_FUNCTION","buildName":"projects/548745467606/locations/us-central1/builds/5813b446-379f-4f37-99c5-1bc0989803c4"},"done":false}
[debug] [2025-09-09T06:46:02.128Z] [update-default-us-central1-api] Retrying task index 0
[debug] [2025-09-09T06:46:02.128Z] Checked if tokens are valid: true, expires at: 1757403901821
[debug] [2025-09-09T06:46:02.128Z] Checked if tokens are valid: true, expires at: 1757403901821
[debug] [2025-09-09T06:46:02.128Z] >>> [apiv2][query] GET https://cloudfunctions.googleapis.com/v2/projects/safipraneeth-2c6f8/locations/us-central1/operations/operation-1757400327121-63e58a639ea08-cc32834e-5e4dee25 [none]
[debug] [2025-09-09T06:46:03.822Z] <<< [apiv2][status] GET https://cloudfunctions.googleapis.com/v2/projects/safipraneeth-2c6f8/locations/us-central1/operations/operation-1757400327121-63e58a639ea08-cc32834e-5e4dee25 200
[debug] [2025-09-09T06:46:03.823Z] <<< [apiv2][body] GET https://cloudfunctions.googleapis.com/v2/projects/safipraneeth-2c6f8/locations/us-central1/operations/operation-1757400327121-63e58a639ea08-cc32834e-5e4dee25 {"name":"projects/safipraneeth-2c6f8/locations/us-central1/operations/operation-1757400327121-63e58a639ea08-cc32834e-5e4dee25","metadata":{"@type":"type.googleapis.com/google.cloud.functions.v2.OperationMetadata","createTime":"2025-09-09T06:45:28.079055234Z","target":"projects/safipraneeth-2c6f8/locations/us-central1/functions/api","verb":"update","cancelRequested":false,"apiVersion":"v2","requestResource":{"@type":"type.googleapis.com/google.cloud.functions.v2.Function","name":"projects/safipraneeth-2c6f8/locations/us-central1/functions/api","buildConfig":{"runtime":"nodejs20","entryPoint":"api","source":{"storageSource":{"bucket":"gcf-v2-sources-548745467606-us-central1","object":"api/function-source.zip","generation":"1757400328011691"}},"environmentVariables":{"GOOGLE_NODE_RUN_SCRIPTS":""},"dockerRepository":"projects/safipraneeth-2c6f8/locations/us-central1/repositories/gcf-artifacts","sourceProvenance":{"resolvedStorageSource":{"bucket":"gcf-v2-sources-548745467606-us-central1","object":"api/function-source.zip","generation":"1757399337176787"}},"dockerRegistry":"ARTIFACT_REGISTRY","serviceAccount":"projects/safipraneeth-2c6f8/serviceAccounts/548745467606-compute@developer.gserviceaccount.com","automaticUpdatePolicy":{}},"serviceConfig":{"service":"projects/safipraneeth-2c6f8/locations/us-central1/services/api","timeoutSeconds":60,"environmentVariables":{"FIREBASE_CONFIG":"{\"projectId\":\"safipraneeth-2c6f8\",\"storageBucket\":\"safipraneeth-2c6f8.firebasestorage.app\"}","GCLOUD_PROJECT":"safipraneeth-2c6f8","EVENTARC_CLOUD_EVENT_SOURCE":"projects/safipraneeth-2c6f8/locations/us-central1/services/api","FUNCTION_TARGET":"api","LOG_EXECUTION_ID":"true"},"ingressSettings":"ALLOW_ALL","uri":"https://api-u5dgq6nqmq-uc.a.run.app","serviceAccountEmail":"548745467606-compute@developer.gserviceaccount.com","availableMemory":"256Mi","allTrafficOnLatestRevision":true,"revision":"api-00011-mas","maxInstanceRequestConcurrency":80,"availableCpu":"1"},"state":"ACTIVE","labels":{"deployment-tool":"cli-firebase","firebase-functions-hash":"a2374be3695b03240ce5d9a71e4cebfd63354790"},"environment":"GEN_2","url":"https://us-central1-safipraneeth-2c6f8.cloudfunctions.net/api","satisfiesPzi":true},"stages":[{"name":"BUILD","message":"Build in progress","state":"IN_PROGRESS","resource":"projects/548745467606/locations/us-central1/builds/5813b446-379f-4f37-99c5-1bc0989803c4","resourceUri":"https://console.cloud.google.com/cloud-build/builds;region=us-central1/5813b446-379f-4f37-99c5-1bc0989803c4?project=548745467606"},{"name":"SERVICE","state":"NOT_STARTED"}],"operationType":"UPDATE_FUNCTION","buildName":"projects/548745467606/locations/us-central1/builds/5813b446-379f-4f37-99c5-1bc0989803c4"},"done":false}
[debug] [2025-09-09T06:46:13.824Z] [update-default-us-central1-api] Retrying task index 0
[debug] [2025-09-09T06:46:13.824Z] Checked if tokens are valid: true, expires at: 1757403901821
[debug] [2025-09-09T06:46:13.824Z] Checked if tokens are valid: true, expires at: 1757403901821
[debug] [2025-09-09T06:46:13.824Z] >>> [apiv2][query] GET https://cloudfunctions.googleapis.com/v2/projects/safipraneeth-2c6f8/locations/us-central1/operations/operation-1757400327121-63e58a639ea08-cc32834e-5e4dee25 [none]
[debug] [2025-09-09T06:46:15.721Z] <<< [apiv2][status] GET https://cloudfunctions.googleapis.com/v2/projects/safipraneeth-2c6f8/locations/us-central1/operations/operation-1757400327121-63e58a639ea08-cc32834e-5e4dee25 200
[debug] [2025-09-09T06:46:15.721Z] <<< [apiv2][body] GET https://cloudfunctions.googleapis.com/v2/projects/safipraneeth-2c6f8/locations/us-central1/operations/operation-1757400327121-63e58a639ea08-cc32834e-5e4dee25 {"name":"projects/safipraneeth-2c6f8/locations/us-central1/operations/operation-1757400327121-63e58a639ea08-cc32834e-5e4dee25","metadata":{"@type":"type.googleapis.com/google.cloud.functions.v2.OperationMetadata","createTime":"2025-09-09T06:45:28.079055234Z","target":"projects/safipraneeth-2c6f8/locations/us-central1/functions/api","verb":"update","cancelRequested":false,"apiVersion":"v2","requestResource":{"@type":"type.googleapis.com/google.cloud.functions.v2.Function","name":"projects/safipraneeth-2c6f8/locations/us-central1/functions/api","buildConfig":{"runtime":"nodejs20","entryPoint":"api","source":{"storageSource":{"bucket":"gcf-v2-sources-548745467606-us-central1","object":"api/function-source.zip","generation":"1757400328011691"}},"environmentVariables":{"GOOGLE_NODE_RUN_SCRIPTS":""},"dockerRepository":"projects/safipraneeth-2c6f8/locations/us-central1/repositories/gcf-artifacts","sourceProvenance":{"resolvedStorageSource":{"bucket":"gcf-v2-sources-548745467606-us-central1","object":"api/function-source.zip","generation":"1757399337176787"}},"dockerRegistry":"ARTIFACT_REGISTRY","serviceAccount":"projects/safipraneeth-2c6f8/serviceAccounts/548745467606-compute@developer.gserviceaccount.com","automaticUpdatePolicy":{}},"serviceConfig":{"service":"projects/safipraneeth-2c6f8/locations/us-central1/services/api","timeoutSeconds":60,"environmentVariables":{"FIREBASE_CONFIG":"{\"projectId\":\"safipraneeth-2c6f8\",\"storageBucket\":\"safipraneeth-2c6f8.firebasestorage.app\"}","GCLOUD_PROJECT":"safipraneeth-2c6f8","EVENTARC_CLOUD_EVENT_SOURCE":"projects/safipraneeth-2c6f8/locations/us-central1/services/api","FUNCTION_TARGET":"api","LOG_EXECUTION_ID":"true"},"ingressSettings":"ALLOW_ALL","uri":"https://api-u5dgq6nqmq-uc.a.run.app","serviceAccountEmail":"548745467606-compute@developer.gserviceaccount.com","availableMemory":"256Mi","allTrafficOnLatestRevision":true,"revision":"api-00011-mas","maxInstanceRequestConcurrency":80,"availableCpu":"1"},"state":"ACTIVE","labels":{"deployment-tool":"cli-firebase","firebase-functions-hash":"a2374be3695b03240ce5d9a71e4cebfd63354790"},"environment":"GEN_2","url":"https://us-central1-safipraneeth-2c6f8.cloudfunctions.net/api","satisfiesPzi":true},"stages":[{"name":"BUILD","message":"Build in progress","state":"IN_PROGRESS","resource":"projects/548745467606/locations/us-central1/builds/5813b446-379f-4f37-99c5-1bc0989803c4","resourceUri":"https://console.cloud.google.com/cloud-build/builds;region=us-central1/5813b446-379f-4f37-99c5-1bc0989803c4?project=548745467606"},{"name":"SERVICE","state":"NOT_STARTED"}],"operationType":"UPDATE_FUNCTION","buildName":"projects/548745467606/locations/us-central1/builds/5813b446-379f-4f37-99c5-1bc0989803c4"},"done":false}
[debug] [2025-09-09T06:46:25.724Z] [update-default-us-central1-api] Retrying task index 0
[debug] [2025-09-09T06:46:25.724Z] Checked if tokens are valid: true, expires at: 1757403901821
[debug] [2025-09-09T06:46:25.724Z] Checked if tokens are valid: true, expires at: 1757403901821
[debug] [2025-09-09T06:46:25.724Z] >>> [apiv2][query] GET https://cloudfunctions.googleapis.com/v2/projects/safipraneeth-2c6f8/locations/us-central1/operations/operation-1757400327121-63e58a639ea08-cc32834e-5e4dee25 [none]
[debug] [2025-09-09T06:46:27.396Z] <<< [apiv2][status] GET https://cloudfunctions.googleapis.com/v2/projects/safipraneeth-2c6f8/locations/us-central1/operations/operation-1757400327121-63e58a639ea08-cc32834e-5e4dee25 200
[debug] [2025-09-09T06:46:27.396Z] <<< [apiv2][body] GET https://cloudfunctions.googleapis.com/v2/projects/safipraneeth-2c6f8/locations/us-central1/operations/operation-1757400327121-63e58a639ea08-cc32834e-5e4dee25 {"name":"projects/safipraneeth-2c6f8/locations/us-central1/operations/operation-1757400327121-63e58a639ea08-cc32834e-5e4dee25","metadata":{"@type":"type.googleapis.com/google.cloud.functions.v2.OperationMetadata","createTime":"2025-09-09T06:45:28.079055234Z","target":"projects/safipraneeth-2c6f8/locations/us-central1/functions/api","verb":"update","cancelRequested":false,"apiVersion":"v2","requestResource":{"@type":"type.googleapis.com/google.cloud.functions.v2.Function","name":"projects/safipraneeth-2c6f8/locations/us-central1/functions/api","buildConfig":{"runtime":"nodejs20","entryPoint":"api","source":{"storageSource":{"bucket":"gcf-v2-sources-548745467606-us-central1","object":"api/function-source.zip","generation":"1757400328011691"}},"environmentVariables":{"GOOGLE_NODE_RUN_SCRIPTS":""},"dockerRepository":"projects/safipraneeth-2c6f8/locations/us-central1/repositories/gcf-artifacts","sourceProvenance":{"resolvedStorageSource":{"bucket":"gcf-v2-sources-548745467606-us-central1","object":"api/function-source.zip","generation":"1757399337176787"}},"dockerRegistry":"ARTIFACT_REGISTRY","serviceAccount":"projects/safipraneeth-2c6f8/serviceAccounts/548745467606-compute@developer.gserviceaccount.com","automaticUpdatePolicy":{}},"serviceConfig":{"service":"projects/safipraneeth-2c6f8/locations/us-central1/services/api","timeoutSeconds":60,"environmentVariables":{"FIREBASE_CONFIG":"{\"projectId\":\"safipraneeth-2c6f8\",\"storageBucket\":\"safipraneeth-2c6f8.firebasestorage.app\"}","GCLOUD_PROJECT":"safipraneeth-2c6f8","EVENTARC_CLOUD_EVENT_SOURCE":"projects/safipraneeth-2c6f8/locations/us-central1/services/api","FUNCTION_TARGET":"api","LOG_EXECUTION_ID":"true"},"ingressSettings":"ALLOW_ALL","uri":"https://api-u5dgq6nqmq-uc.a.run.app","serviceAccountEmail":"548745467606-compute@developer.gserviceaccount.com","availableMemory":"256Mi","allTrafficOnLatestRevision":true,"revision":"api-00011-mas","maxInstanceRequestConcurrency":80,"availableCpu":"1"},"state":"ACTIVE","labels":{"deployment-tool":"cli-firebase","firebase-functions-hash":"a2374be3695b03240ce5d9a71e4cebfd63354790"},"environment":"GEN_2","url":"https://us-central1-safipraneeth-2c6f8.cloudfunctions.net/api","satisfiesPzi":true},"stages":[{"name":"BUILD","message":"Build finished","state":"COMPLETE","resource":"projects/548745467606/locations/us-central1/builds/5813b446-379f-4f37-99c5-1bc0989803c4","resourceUri":"https://console.cloud.google.com/cloud-build/builds;region=us-central1/5813b446-379f-4f37-99c5-1bc0989803c4?project=548745467606"},{"name":"SERVICE","message":"Updating Cloud Run service","state":"IN_PROGRESS","resource":"projects/safipraneeth-2c6f8/locations/us-central1/services/api","resourceUri":"https://console.cloud.google.com/run/detail/us-central1/api?project=safipraneeth-2c6f8","stateMessages":[{"severity":"INFO","type":"CloudRunServiceNewRevisionTrafficInfo","message":"A new revision will be deployed serving with 100% traffic."}]}],"sourceToken":"Cldwcm9qZWN0cy81NDg3NDU0Njc2MDYvbG9jYXRpb25zL3VzLWNlbnRyYWwxL2J1aWxkcy81ODEzYjQ0Ni0zNzlmLTRmMzctOTljNS0xYmMwOTg5ODAzYzQSbHVzLWNlbnRyYWwxLWRvY2tlci5wa2cuZGV2L3NhZmlwcmFuZWV0aC0yYzZmOC9nY2YtYXJ0aWZhY3RzL3NhZmlwcmFuZWV0aC0tMmM2ZjhfX3VzLS1jZW50cmFsMV9fYXBpOnZlcnNpb25fMRjWrZ2e/A8iP3Byb2plY3RzL3NhZmlwcmFuZWV0aC0yYzZmOC9sb2NhdGlvbnMvdXMtY2VudHJhbDEvZnVuY3Rpb25zL2FwaSoMCLma/8UGEODprcABMghub2RlanMyMDp2CiNnY3IuaW8vZ2FlLXJ1bnRpbWVzL25vZGVqczIwOnN0YWJsZRJPdXMtY2VudHJhbDEtZG9ja2VyLnBrZy5kZXYvc2VydmVybGVzcy1ydW50aW1lcy9nb29nbGUtMjItZnVsbC9ydW50aW1lcy9ub2RlanMyMEAB","operationType":"UPDATE_FUNCTION","buildName":"projects/548745467606/locations/us-central1/builds/5813b446-379f-4f37-99c5-1bc0989803c4"},"done":false}
[debug] [2025-09-09T06:46:27.396Z] Got source token Cldwcm9qZWN0cy81NDg3NDU0Njc2MDYvbG9jYXRpb25zL3VzLWNlbnRyYWwxL2J1aWxkcy81ODEzYjQ0Ni0zNzlmLTRmMzctOTljNS0xYmMwOTg5ODAzYzQSbHVzLWNlbnRyYWwxLWRvY2tlci5wa2cuZGV2L3NhZmlwcmFuZWV0aC0yYzZmOC9nY2YtYXJ0aWZhY3RzL3NhZmlwcmFuZWV0aC0tMmM2ZjhfX3VzLS1jZW50cmFsMV9fYXBpOnZlcnNpb25fMRjWrZ2e/A8iP3Byb2plY3RzL3NhZmlwcmFuZWV0aC0yYzZmOC9sb2NhdGlvbnMvdXMtY2VudHJhbDEvZnVuY3Rpb25zL2FwaSoMCLma/8UGEODprcABMghub2RlanMyMDp2CiNnY3IuaW8vZ2FlLXJ1bnRpbWVzL25vZGVqczIwOnN0YWJsZRJPdXMtY2VudHJhbDEtZG9ja2VyLnBrZy5kZXYvc2VydmVybGVzcy1ydW50aW1lcy9nb29nbGUtMjItZnVsbC9ydW50aW1lcy9ub2RlanMyMEAB for region us-central1
[debug] [2025-09-09T06:46:37.400Z] [update-default-us-central1-api] Retrying task index 0
[debug] [2025-09-09T06:46:37.400Z] Checked if tokens are valid: true, expires at: 1757403901821
[debug] [2025-09-09T06:46:37.400Z] Checked if tokens are valid: true, expires at: 1757403901821
[debug] [2025-09-09T06:46:37.400Z] >>> [apiv2][query] GET https://cloudfunctions.googleapis.com/v2/projects/safipraneeth-2c6f8/locations/us-central1/operations/operation-1757400327121-63e58a639ea08-cc32834e-5e4dee25 [none]
[debug] [2025-09-09T06:46:39.101Z] <<< [apiv2][status] GET https://cloudfunctions.googleapis.com/v2/projects/safipraneeth-2c6f8/locations/us-central1/operations/operation-1757400327121-63e58a639ea08-cc32834e-5e4dee25 200
[debug] [2025-09-09T06:46:39.101Z] <<< [apiv2][body] GET https://cloudfunctions.googleapis.com/v2/projects/safipraneeth-2c6f8/locations/us-central1/operations/operation-1757400327121-63e58a639ea08-cc32834e-5e4dee25 {"name":"projects/safipraneeth-2c6f8/locations/us-central1/operations/operation-1757400327121-63e58a639ea08-cc32834e-5e4dee25","metadata":{"@type":"type.googleapis.com/google.cloud.functions.v2.OperationMetadata","createTime":"2025-09-09T06:45:28.079055234Z","target":"projects/safipraneeth-2c6f8/locations/us-central1/functions/api","verb":"update","cancelRequested":false,"apiVersion":"v2","requestResource":{"@type":"type.googleapis.com/google.cloud.functions.v2.Function","name":"projects/safipraneeth-2c6f8/locations/us-central1/functions/api","buildConfig":{"runtime":"nodejs20","entryPoint":"api","source":{"storageSource":{"bucket":"gcf-v2-sources-548745467606-us-central1","object":"api/function-source.zip","generation":"1757400328011691"}},"environmentVariables":{"GOOGLE_NODE_RUN_SCRIPTS":""},"dockerRepository":"projects/safipraneeth-2c6f8/locations/us-central1/repositories/gcf-artifacts","sourceProvenance":{"resolvedStorageSource":{"bucket":"gcf-v2-sources-548745467606-us-central1","object":"api/function-source.zip","generation":"1757399337176787"}},"dockerRegistry":"ARTIFACT_REGISTRY","serviceAccount":"projects/safipraneeth-2c6f8/serviceAccounts/548745467606-compute@developer.gserviceaccount.com","automaticUpdatePolicy":{}},"serviceConfig":{"service":"projects/safipraneeth-2c6f8/locations/us-central1/services/api","timeoutSeconds":60,"environmentVariables":{"FIREBASE_CONFIG":"{\"projectId\":\"safipraneeth-2c6f8\",\"storageBucket\":\"safipraneeth-2c6f8.firebasestorage.app\"}","GCLOUD_PROJECT":"safipraneeth-2c6f8","EVENTARC_CLOUD_EVENT_SOURCE":"projects/safipraneeth-2c6f8/locations/us-central1/services/api","FUNCTION_TARGET":"api","LOG_EXECUTION_ID":"true"},"ingressSettings":"ALLOW_ALL","uri":"https://api-u5dgq6nqmq-uc.a.run.app","serviceAccountEmail":"548745467606-compute@developer.gserviceaccount.com","availableMemory":"256Mi","allTrafficOnLatestRevision":true,"revision":"api-00011-mas","maxInstanceRequestConcurrency":80,"availableCpu":"1"},"state":"ACTIVE","labels":{"deployment-tool":"cli-firebase","firebase-functions-hash":"a2374be3695b03240ce5d9a71e4cebfd63354790"},"environment":"GEN_2","url":"https://us-central1-safipraneeth-2c6f8.cloudfunctions.net/api","satisfiesPzi":true},"stages":[{"name":"BUILD","message":"Build finished","state":"COMPLETE","resource":"projects/548745467606/locations/us-central1/builds/5813b446-379f-4f37-99c5-1bc0989803c4","resourceUri":"https://console.cloud.google.com/cloud-build/builds;region=us-central1/5813b446-379f-4f37-99c5-1bc0989803c4?project=548745467606"},{"name":"SERVICE","message":"Updating Cloud Run service","state":"IN_PROGRESS","resource":"projects/safipraneeth-2c6f8/locations/us-central1/services/api","resourceUri":"https://console.cloud.google.com/run/detail/us-central1/api?project=safipraneeth-2c6f8","stateMessages":[{"severity":"INFO","type":"CloudRunServiceNewRevisionTrafficInfo","message":"A new revision will be deployed serving with 100% traffic."}]}],"sourceToken":"Cldwcm9qZWN0cy81NDg3NDU0Njc2MDYvbG9jYXRpb25zL3VzLWNlbnRyYWwxL2J1aWxkcy81ODEzYjQ0Ni0zNzlmLTRmMzctOTljNS0xYmMwOTg5ODAzYzQSbHVzLWNlbnRyYWwxLWRvY2tlci5wa2cuZGV2L3NhZmlwcmFuZWV0aC0yYzZmOC9nY2YtYXJ0aWZhY3RzL3NhZmlwcmFuZWV0aC0tMmM2ZjhfX3VzLS1jZW50cmFsMV9fYXBpOnZlcnNpb25fMRjWrZ2e/A8iP3Byb2plY3RzL3NhZmlwcmFuZWV0aC0yYzZmOC9sb2NhdGlvbnMvdXMtY2VudHJhbDEvZnVuY3Rpb25zL2FwaSoMCLma/8UGEODprcABMghub2RlanMyMDp2CiNnY3IuaW8vZ2FlLXJ1bnRpbWVzL25vZGVqczIwOnN0YWJsZRJPdXMtY2VudHJhbDEtZG9ja2VyLnBrZy5kZXYvc2VydmVybGVzcy1ydW50aW1lcy9nb29nbGUtMjItZnVsbC9ydW50aW1lcy9ub2RlanMyMEAB","operationType":"UPDATE_FUNCTION","buildName":"projects/548745467606/locations/us-central1/builds/5813b446-379f-4f37-99c5-1bc0989803c4"},"done":false}
[debug] [2025-09-09T06:46:39.101Z] Got source token Cldwcm9qZWN0cy81NDg3NDU0Njc2MDYvbG9jYXRpb25zL3VzLWNlbnRyYWwxL2J1aWxkcy81ODEzYjQ0Ni0zNzlmLTRmMzctOTljNS0xYmMwOTg5ODAzYzQSbHVzLWNlbnRyYWwxLWRvY2tlci5wa2cuZGV2L3NhZmlwcmFuZWV0aC0yYzZmOC9nY2YtYXJ0aWZhY3RzL3NhZmlwcmFuZWV0aC0tMmM2ZjhfX3VzLS1jZW50cmFsMV9fYXBpOnZlcnNpb25fMRjWrZ2e/A8iP3Byb2plY3RzL3NhZmlwcmFuZWV0aC0yYzZmOC9sb2NhdGlvbnMvdXMtY2VudHJhbDEvZnVuY3Rpb25zL2FwaSoMCLma/8UGEODprcABMghub2RlanMyMDp2CiNnY3IuaW8vZ2FlLXJ1bnRpbWVzL25vZGVqczIwOnN0YWJsZRJPdXMtY2VudHJhbDEtZG9ja2VyLnBrZy5kZXYvc2VydmVybGVzcy1ydW50aW1lcy9nb29nbGUtMjItZnVsbC9ydW50aW1lcy9ub2RlanMyMEAB for region us-central1
